<?xml version="1.0" encoding="UTF-8"?>
<testsuite xmlns:xsi="http://www.w3.org/2001/XMLSchema-instance" xsi:noNamespaceSchemaLocation="https://maven.apache.org/surefire/maven-surefire-plugin/xsd/surefire-test-report-3.0.xsd" version="3.0" name="tests.votesDownPostTest" time="1.483" tests="1" errors="0" skipped="0" failures="1">
  <properties>
    <property name="sun.desktop" value="windows"/>
    <property name="awt.toolkit" value="sun.awt.windows.WToolkit"/>
    <property name="file.encoding.pkg" value="sun.io"/>
    <property name="java.specification.version" value="1.8"/>
    <property name="sun.cpu.isalist" value="amd64"/>
    <property name="sun.jnu.encoding" value="Cp1252"/>
    <property name="java.class.path" value="C:\Users\Thapelo\Documents\GitHub\The_Dog_RestAssured\target\test-classes;C:\Users\Thapelo\Documents\GitHub\The_Dog_RestAssured\target\classes;C:\Users\Thapelo\.m2\repository\org\junit\jupiter\junit-jupiter-api\5.8.2\junit-jupiter-api-5.8.2.jar;C:\Users\Thapelo\.m2\repository\org\opentest4j\opentest4j\1.2.0\opentest4j-1.2.0.jar;C:\Users\Thapelo\.m2\repository\org\junit\platform\junit-platform-commons\1.8.2\junit-platform-commons-1.8.2.jar;C:\Users\Thapelo\.m2\repository\org\apiguardian\apiguardian-api\1.1.2\apiguardian-api-1.1.2.jar;C:\Users\Thapelo\.m2\repository\org\junit\jupiter\junit-jupiter-engine\5.8.2\junit-jupiter-engine-5.8.2.jar;C:\Users\Thapelo\.m2\repository\org\junit\platform\junit-platform-engine\1.8.2\junit-platform-engine-1.8.2.jar;C:\Users\Thapelo\.m2\repository\org\junit\platform\junit-platform-launcher\1.8.2\junit-platform-launcher-1.8.2.jar;C:\Users\Thapelo\.m2\repository\org\junit\platform\junit-platform-runner\1.8.2\junit-platform-runner-1.8.2.jar;C:\Users\Thapelo\.m2\repository\junit\junit\4.13.2\junit-4.13.2.jar;C:\Users\Thapelo\.m2\repository\org\junit\platform\junit-platform-suite-api\1.8.2\junit-platform-suite-api-1.8.2.jar;C:\Users\Thapelo\.m2\repository\org\junit\platform\junit-platform-suite-commons\1.8.2\junit-platform-suite-commons-1.8.2.jar;C:\Users\Thapelo\.m2\repository\org\hamcrest\hamcrest-all\1.3\hamcrest-all-1.3.jar;C:\Users\Thapelo\.m2\repository\com\googlecode\json-simple\json-simple\1.1.1\json-simple-1.1.1.jar;C:\Users\Thapelo\.m2\repository\com\google\code\gson\gson\2.6.2\gson-2.6.2.jar;C:\Users\Thapelo\.m2\repository\io\rest-assured\rest-assured\4.3.3\rest-assured-4.3.3.jar;C:\Users\Thapelo\.m2\repository\org\codehaus\groovy\groovy\3.0.7\groovy-3.0.7.jar;C:\Users\Thapelo\.m2\repository\org\codehaus\groovy\groovy-xml\3.0.7\groovy-xml-3.0.7.jar;C:\Users\Thapelo\.m2\repository\org\apache\httpcomponents\httpclient\4.5.3\httpclient-4.5.3.jar;C:\Users\Thapelo\.m2\repository\org\apache\httpcomponents\httpcore\4.4.6\httpcore-4.4.6.jar;C:\Users\Thapelo\.m2\repository\commons-logging\commons-logging\1.2\commons-logging-1.2.jar;C:\Users\Thapelo\.m2\repository\commons-codec\commons-codec\1.9\commons-codec-1.9.jar;C:\Users\Thapelo\.m2\repository\org\apache\httpcomponents\httpmime\4.5.3\httpmime-4.5.3.jar;C:\Users\Thapelo\.m2\repository\org\hamcrest\hamcrest\2.1\hamcrest-2.1.jar;C:\Users\Thapelo\.m2\repository\org\ccil\cowan\tagsoup\tagsoup\1.2.1\tagsoup-1.2.1.jar;C:\Users\Thapelo\.m2\repository\io\rest-assured\json-path\4.3.3\json-path-4.3.3.jar;C:\Users\Thapelo\.m2\repository\org\codehaus\groovy\groovy-json\3.0.7\groovy-json-3.0.7.jar;C:\Users\Thapelo\.m2\repository\io\rest-assured\rest-assured-common\4.3.3\rest-assured-common-4.3.3.jar;C:\Users\Thapelo\.m2\repository\io\rest-assured\xml-path\4.3.3\xml-path-4.3.3.jar;C:\Users\Thapelo\.m2\repository\org\apache\commons\commons-lang3\3.11\commons-lang3-3.11.jar;C:\Users\Thapelo\.m2\repository\jakarta\xml\bind\jakarta.xml.bind-api\2.3.3\jakarta.xml.bind-api-2.3.3.jar;C:\Users\Thapelo\.m2\repository\jakarta\activation\jakarta.activation-api\1.2.2\jakarta.activation-api-1.2.2.jar;C:\Users\Thapelo\.m2\repository\com\sun\xml\bind\jaxb-impl\2.3.3\jaxb-impl-2.3.3.jar;C:\Users\Thapelo\.m2\repository\io\rest-assured\json-schema-validator\3.0.0\json-schema-validator-3.0.0.jar;C:\Users\Thapelo\.m2\repository\org\hamcrest\hamcrest-core\1.3\hamcrest-core-1.3.jar;C:\Users\Thapelo\.m2\repository\com\github\fge\json-schema-validator\2.2.6\json-schema-validator-2.2.6.jar;C:\Users\Thapelo\.m2\repository\com\google\code\findbugs\jsr305\3.0.0\jsr305-3.0.0.jar;C:\Users\Thapelo\.m2\repository\joda-time\joda-time\2.3\joda-time-2.3.jar;C:\Users\Thapelo\.m2\repository\com\googlecode\libphonenumber\libphonenumber\6.2\libphonenumber-6.2.jar;C:\Users\Thapelo\.m2\repository\javax\mail\mailapi\1.4.3\mailapi-1.4.3.jar;C:\Users\Thapelo\.m2\repository\javax\activation\activation\1.1\activation-1.1.jar;C:\Users\Thapelo\.m2\repository\net\sf\jopt-simple\jopt-simple\4.6\jopt-simple-4.6.jar;C:\Users\Thapelo\.m2\repository\com\github\fge\json-schema-core\1.2.5\json-schema-core-1.2.5.jar;C:\Users\Thapelo\.m2\repository\com\github\fge\uri-template\0.9\uri-template-0.9.jar;C:\Users\Thapelo\.m2\repository\com\github\fge\msg-simple\1.1\msg-simple-1.1.jar;C:\Users\Thapelo\.m2\repository\com\github\fge\btf\1.2\btf-1.2.jar;C:\Users\Thapelo\.m2\repository\com\github\fge\jackson-coreutils\1.8\jackson-coreutils-1.8.jar;C:\Users\Thapelo\.m2\repository\org\mozilla\rhino\1.7R4\rhino-1.7R4.jar;C:\Users\Thapelo\.m2\repository\com\jayway\jsonpath\json-path\2.4.0\json-path-2.4.0.jar;C:\Users\Thapelo\.m2\repository\net\minidev\json-smart\2.3\json-smart-2.3.jar;C:\Users\Thapelo\.m2\repository\net\minidev\accessors-smart\1.2\accessors-smart-1.2.jar;C:\Users\Thapelo\.m2\repository\org\ow2\asm\asm\5.0.4\asm-5.0.4.jar;C:\Users\Thapelo\.m2\repository\javax\json\javax.json-api\1.1.2\javax.json-api-1.1.2.jar;C:\Users\Thapelo\.m2\repository\io\qameta\allure\allure-rest-assured\2.17.2\allure-rest-assured-2.17.2.jar;C:\Users\Thapelo\.m2\repository\io\qameta\allure\allure-attachments\2.17.2\allure-attachments-2.17.2.jar;C:\Users\Thapelo\.m2\repository\io\qameta\allure\allure-java-commons\2.17.2\allure-java-commons-2.17.2.jar;C:\Users\Thapelo\.m2\repository\io\qameta\allure\allure-model\2.17.2\allure-model-2.17.2.jar;C:\Users\Thapelo\.m2\repository\org\freemarker\freemarker\2.3.31\freemarker-2.3.31.jar;C:\Users\Thapelo\.m2\repository\org\junit\jupiter\junit-jupiter-params\5.8.2\junit-jupiter-params-5.8.2.jar;C:\Users\Thapelo\.m2\repository\io\qameta\allure\allure-junit5\2.17.2\allure-junit5-2.17.2.jar;C:\Users\Thapelo\.m2\repository\io\qameta\allure\allure-junit-platform\2.17.2\allure-junit-platform-2.17.2.jar;C:\Users\Thapelo\.m2\repository\io\qameta\allure\allure-test-filter\2.17.2\allure-test-filter-2.17.2.jar;C:\Users\Thapelo\.m2\repository\org\slf4j\slf4j-api\1.7.5\slf4j-api-1.7.5.jar;C:\Users\Thapelo\.m2\repository\org\slf4j\slf4j-simple\1.7.21\slf4j-simple-1.7.21.jar;C:\Users\Thapelo\.m2\repository\org\seleniumhq\selenium\selenium-java\3.141.5\selenium-java-3.141.5.jar;C:\Users\Thapelo\.m2\repository\org\seleniumhq\selenium\selenium-api\3.141.5\selenium-api-3.141.5.jar;C:\Users\Thapelo\.m2\repository\org\seleniumhq\selenium\selenium-chrome-driver\3.141.5\selenium-chrome-driver-3.141.5.jar;C:\Users\Thapelo\.m2\repository\org\seleniumhq\selenium\selenium-edge-driver\3.141.5\selenium-edge-driver-3.141.5.jar;C:\Users\Thapelo\.m2\repository\org\seleniumhq\selenium\selenium-firefox-driver\3.141.5\selenium-firefox-driver-3.141.5.jar;C:\Users\Thapelo\.m2\repository\org\seleniumhq\selenium\selenium-ie-driver\3.141.5\selenium-ie-driver-3.141.5.jar;C:\Users\Thapelo\.m2\repository\org\seleniumhq\selenium\selenium-opera-driver\3.141.5\selenium-opera-driver-3.141.5.jar;C:\Users\Thapelo\.m2\repository\org\seleniumhq\selenium\selenium-remote-driver\3.141.5\selenium-remote-driver-3.141.5.jar;C:\Users\Thapelo\.m2\repository\org\seleniumhq\selenium\selenium-safari-driver\3.141.5\selenium-safari-driver-3.141.5.jar;C:\Users\Thapelo\.m2\repository\org\seleniumhq\selenium\selenium-support\3.141.5\selenium-support-3.141.5.jar;C:\Users\Thapelo\.m2\repository\net\bytebuddy\byte-buddy\1.8.15\byte-buddy-1.8.15.jar;C:\Users\Thapelo\.m2\repository\org\apache\commons\commons-exec\1.3\commons-exec-1.3.jar;C:\Users\Thapelo\.m2\repository\com\google\guava\guava\25.0-jre\guava-25.0-jre.jar;C:\Users\Thapelo\.m2\repository\org\checkerframework\checker-compat-qual\2.0.0\checker-compat-qual-2.0.0.jar;C:\Users\Thapelo\.m2\repository\com\google\errorprone\error_prone_annotations\2.1.3\error_prone_annotations-2.1.3.jar;C:\Users\Thapelo\.m2\repository\com\google\j2objc\j2objc-annotations\1.1\j2objc-annotations-1.1.jar;C:\Users\Thapelo\.m2\repository\org\codehaus\mojo\animal-sniffer-annotations\1.14\animal-sniffer-annotations-1.14.jar;C:\Users\Thapelo\.m2\repository\com\squareup\okhttp3\okhttp\3.11.0\okhttp-3.11.0.jar;C:\Users\Thapelo\.m2\repository\com\squareup\okio\okio\1.14.0\okio-1.14.0.jar;C:\Users\Thapelo\.m2\repository\io\qameta\allure\allure-maven\2.10.0\allure-maven-2.10.0.jar;C:\Users\Thapelo\.m2\repository\com\fasterxml\jackson\core\jackson-databind\2.9.7\jackson-databind-2.9.7.jar;C:\Users\Thapelo\.m2\repository\com\fasterxml\jackson\core\jackson-annotations\2.9.0\jackson-annotations-2.9.0.jar;C:\Users\Thapelo\.m2\repository\com\fasterxml\jackson\core\jackson-core\2.9.7\jackson-core-2.9.7.jar;C:\Users\Thapelo\.m2\repository\org\apache\maven\maven-core\3.3.9\maven-core-3.3.9.jar;C:\Users\Thapelo\.m2\repository\org\apache\maven\maven-model\3.3.9\maven-model-3.3.9.jar;C:\Users\Thapelo\.m2\repository\org\apache\maven\maven-settings\3.3.9\maven-settings-3.3.9.jar;C:\Users\Thapelo\.m2\repository\org\apache\maven\maven-settings-builder\3.3.9\maven-settings-builder-3.3.9.jar;C:\Users\Thapelo\.m2\repository\org\apache\maven\maven-builder-support\3.3.9\maven-builder-support-3.3.9.jar;C:\Users\Thapelo\.m2\repository\org\apache\maven\maven-repository-metadata\3.3.9\maven-repository-metadata-3.3.9.jar;C:\Users\Thapelo\.m2\repository\org\apache\maven\maven-artifact\3.3.9\maven-artifact-3.3.9.jar;C:\Users\Thapelo\.m2\repository\org\apache\maven\maven-plugin-api\3.3.9\maven-plugin-api-3.3.9.jar;C:\Users\Thapelo\.m2\repository\org\apache\maven\maven-model-builder\3.3.9\maven-model-builder-3.3.9.jar;C:\Users\Thapelo\.m2\repository\org\apache\maven\maven-aether-provider\3.3.9\maven-aether-provider-3.3.9.jar;C:\Users\Thapelo\.m2\repository\org\eclipse\aether\aether-spi\1.0.2.v20150114\aether-spi-1.0.2.v20150114.jar;C:\Users\Thapelo\.m2\repository\org\eclipse\aether\aether-impl\1.0.2.v20150114\aether-impl-1.0.2.v20150114.jar;C:\Users\Thapelo\.m2\repository\org\eclipse\aether\aether-api\1.0.2.v20150114\aether-api-1.0.2.v20150114.jar;C:\Users\Thapelo\.m2\repository\org\eclipse\aether\aether-util\1.0.2.v20150114\aether-util-1.0.2.v20150114.jar;C:\Users\Thapelo\.m2\repository\org\eclipse\sisu\org.eclipse.sisu.plexus\0.3.2\org.eclipse.sisu.plexus-0.3.2.jar;C:\Users\Thapelo\.m2\repository\javax\enterprise\cdi-api\1.0\cdi-api-1.0.jar;C:\Users\Thapelo\.m2\repository\javax\annotation\jsr250-api\1.0\jsr250-api-1.0.jar;C:\Users\Thapelo\.m2\repository\org\eclipse\sisu\org.eclipse.sisu.inject\0.3.2\org.eclipse.sisu.inject-0.3.2.jar;C:\Users\Thapelo\.m2\repository\com\google\inject\guice\4.0\guice-4.0-no_aop.jar;C:\Users\Thapelo\.m2\repository\javax\inject\javax.inject\1\javax.inject-1.jar;C:\Users\Thapelo\.m2\repository\aopalliance\aopalliance\1.0\aopalliance-1.0.jar;C:\Users\Thapelo\.m2\repository\org\codehaus\plexus\plexus-interpolation\1.21\plexus-interpolation-1.21.jar;C:\Users\Thapelo\.m2\repository\org\codehaus\plexus\plexus-utils\3.0.22\plexus-utils-3.0.22.jar;C:\Users\Thapelo\.m2\repository\org\codehaus\plexus\plexus-classworlds\2.5.2\plexus-classworlds-2.5.2.jar;C:\Users\Thapelo\.m2\repository\org\codehaus\plexus\plexus-component-annotations\1.6\plexus-component-annotations-1.6.jar;C:\Users\Thapelo\.m2\repository\org\sonatype\plexus\plexus-sec-dispatcher\1.3\plexus-sec-dispatcher-1.3.jar;C:\Users\Thapelo\.m2\repository\org\sonatype\plexus\plexus-cipher\1.4\plexus-cipher-1.4.jar;C:\Users\Thapelo\.m2\repository\org\apache\maven\reporting\maven-reporting-impl\2.4\maven-reporting-impl-2.4.jar;C:\Users\Thapelo\.m2\repository\org\apache\maven\reporting\maven-reporting-api\3.0\maven-reporting-api-3.0.jar;C:\Users\Thapelo\.m2\repository\org\apache\maven\maven-project\2.2.1\maven-project-2.2.1.jar;C:\Users\Thapelo\.m2\repository\org\apache\maven\maven-profile\2.2.1\maven-profile-2.2.1.jar;C:\Users\Thapelo\.m2\repository\org\apache\maven\maven-artifact-manager\2.2.1\maven-artifact-manager-2.2.1.jar;C:\Users\Thapelo\.m2\repository\backport-util-concurrent\backport-util-concurrent\3.1\backport-util-concurrent-3.1.jar;C:\Users\Thapelo\.m2\repository\org\apache\maven\maven-plugin-registry\2.2.1\maven-plugin-registry-2.2.1.jar;C:\Users\Thapelo\.m2\repository\org\codehaus\plexus\plexus-container-default\1.0-alpha-9-stable-1\plexus-container-default-1.0-alpha-9-stable-1.jar;C:\Users\Thapelo\.m2\repository\classworlds\classworlds\1.1-alpha-2\classworlds-1.1-alpha-2.jar;C:\Users\Thapelo\.m2\repository\org\apache\maven\shared\maven-shared-utils\0.6\maven-shared-utils-0.6.jar;C:\Users\Thapelo\.m2\repository\org\apache\maven\doxia\doxia-sink-api\1.6\doxia-sink-api-1.6.jar;C:\Users\Thapelo\.m2\repository\org\apache\maven\doxia\doxia-logging-api\1.6\doxia-logging-api-1.6.jar;C:\Users\Thapelo\.m2\repository\org\apache\maven\doxia\doxia-core\1.6\doxia-core-1.6.jar;C:\Users\Thapelo\.m2\repository\xerces\xercesImpl\2.9.1\xercesImpl-2.9.1.jar;C:\Users\Thapelo\.m2\repository\commons-lang\commons-lang\2.4\commons-lang-2.4.jar;C:\Users\Thapelo\.m2\repository\xmlunit\xmlunit\1.5\xmlunit-1.5.jar;C:\Users\Thapelo\.m2\repository\org\apache\maven\doxia\doxia-site-renderer\1.6\doxia-site-renderer-1.6.jar;C:\Users\Thapelo\.m2\repository\org\apache\maven\doxia\doxia-decoration-model\1.6\doxia-decoration-model-1.6.jar;C:\Users\Thapelo\.m2\repository\org\apache\maven\doxia\doxia-module-xhtml\1.6\doxia-module-xhtml-1.6.jar;C:\Users\Thapelo\.m2\repository\org\apache\maven\doxia\doxia-module-fml\1.6\doxia-module-fml-1.6.jar;C:\Users\Thapelo\.m2\repository\org\codehaus\plexus\plexus-i18n\1.0-beta-7\plexus-i18n-1.0-beta-7.jar;C:\Users\Thapelo\.m2\repository\org\codehaus\plexus\plexus-velocity\1.1.7\plexus-velocity-1.1.7.jar;C:\Users\Thapelo\.m2\repository\org\apache\velocity\velocity-tools\2.0\velocity-tools-2.0.jar;C:\Users\Thapelo\.m2\repository\commons-chain\commons-chain\1.1\commons-chain-1.1.jar;C:\Users\Thapelo\.m2\repository\dom4j\dom4j\1.1\dom4j-1.1.jar;C:\Users\Thapelo\.m2\repository\sslext\sslext\1.2-0\sslext-1.2-0.jar;C:\Users\Thapelo\.m2\repository\org\apache\struts\struts-core\1.3.8\struts-core-1.3.8.jar;C:\Users\Thapelo\.m2\repository\antlr\antlr\2.7.2\antlr-2.7.2.jar;C:\Users\Thapelo\.m2\repository\org\apache\struts\struts-taglib\1.3.8\struts-taglib-1.3.8.jar;C:\Users\Thapelo\.m2\repository\org\apache\struts\struts-tiles\1.3.8\struts-tiles-1.3.8.jar;C:\Users\Thapelo\.m2\repository\commons-validator\commons-validator\1.4.1\commons-validator-1.4.1.jar;C:\Users\Thapelo\.m2\repository\commons-digester\commons-digester\1.8.1\commons-digester-1.8.1.jar;C:\Users\Thapelo\.m2\repository\commons-beanutils\commons-beanutils\1.9.3\commons-beanutils-1.9.3.jar;C:\Users\Thapelo\.m2\repository\commons-collections\commons-collections\3.2.2\commons-collections-3.2.2.jar;C:\Users\Thapelo\.m2\repository\net\lingala\zip4j\zip4j\1.3.2\zip4j-1.3.2.jar;C:\Users\Thapelo\.m2\repository\org\apache\maven\plugin-tools\maven-plugin-annotations\3.2\maven-plugin-annotations-3.2.jar;C:\Users\Thapelo\.m2\repository\org\apache\maven\plugins\maven-jxr-plugin\2.5\maven-jxr-plugin-2.5.jar;C:\Users\Thapelo\.m2\repository\org\apache\velocity\velocity\1.5\velocity-1.5.jar;C:\Users\Thapelo\.m2\repository\oro\oro\2.0.8\oro-2.0.8.jar;C:\Users\Thapelo\.m2\repository\org\apache\maven\maven-jxr\2.5\maven-jxr-2.5.jar;C:\Users\Thapelo\.m2\repository\commons-io\commons-io\2.0.1\commons-io-2.0.1.jar;C:\Users\Thapelo\.m2\repository\org\apache\maven\wagon\wagon-provider-api\1.0\wagon-provider-api-1.0.jar;C:\Users\Thapelo\.m2\repository\xml-apis\xml-apis\1.0.b2\xml-apis-1.0.b2.jar;C:\Users\Thapelo\.m2\repository\xalan\xalan\2.7.0\xalan-2.7.0.jar;"/>
    <property name="java.vm.vendor" value="Oracle Corporation"/>
    <property name="sun.arch.data.model" value="64"/>
    <property name="user.variant" value=""/>
    <property name="java.vendor.url" value="http://java.oracle.com/"/>
    <property name="user.timezone" value="Africa/Harare"/>
    <property name="java.vm.specification.version" value="1.8"/>
    <property name="os.name" value="Windows 10"/>
    <property name="user.country" value="ZA"/>
    <property name="sun.java.launcher" value="SUN_STANDARD"/>
    <property name="sun.boot.library.path" value="C:\Program Files\Java\jdk1.8.0_202\jre\bin"/>
    <property name="sun.java.command" value="C:\Users\Thapelo\AppData\Local\Temp\surefire4740717864429417365\surefirebooter3620037277601602409.jar C:\Users\Thapelo\AppData\Local\Temp\surefire4740717864429417365 2023-03-16T14-38-41_812-jvmRun1 surefire335023455858586605tmp surefire_08478451644273964193tmp"/>
    <property name="surefire.test.class.path" value="C:\Users\Thapelo\Documents\GitHub\The_Dog_RestAssured\target\test-classes;C:\Users\Thapelo\Documents\GitHub\The_Dog_RestAssured\target\classes;C:\Users\Thapelo\.m2\repository\org\junit\jupiter\junit-jupiter-api\5.8.2\junit-jupiter-api-5.8.2.jar;C:\Users\Thapelo\.m2\repository\org\opentest4j\opentest4j\1.2.0\opentest4j-1.2.0.jar;C:\Users\Thapelo\.m2\repository\org\junit\platform\junit-platform-commons\1.8.2\junit-platform-commons-1.8.2.jar;C:\Users\Thapelo\.m2\repository\org\apiguardian\apiguardian-api\1.1.2\apiguardian-api-1.1.2.jar;C:\Users\Thapelo\.m2\repository\org\junit\jupiter\junit-jupiter-engine\5.8.2\junit-jupiter-engine-5.8.2.jar;C:\Users\Thapelo\.m2\repository\org\junit\platform\junit-platform-engine\1.8.2\junit-platform-engine-1.8.2.jar;C:\Users\Thapelo\.m2\repository\org\junit\platform\junit-platform-launcher\1.8.2\junit-platform-launcher-1.8.2.jar;C:\Users\Thapelo\.m2\repository\org\junit\platform\junit-platform-runner\1.8.2\junit-platform-runner-1.8.2.jar;C:\Users\Thapelo\.m2\repository\junit\junit\4.13.2\junit-4.13.2.jar;C:\Users\Thapelo\.m2\repository\org\junit\platform\junit-platform-suite-api\1.8.2\junit-platform-suite-api-1.8.2.jar;C:\Users\Thapelo\.m2\repository\org\junit\platform\junit-platform-suite-commons\1.8.2\junit-platform-suite-commons-1.8.2.jar;C:\Users\Thapelo\.m2\repository\org\hamcrest\hamcrest-all\1.3\hamcrest-all-1.3.jar;C:\Users\Thapelo\.m2\repository\com\googlecode\json-simple\json-simple\1.1.1\json-simple-1.1.1.jar;C:\Users\Thapelo\.m2\repository\com\google\code\gson\gson\2.6.2\gson-2.6.2.jar;C:\Users\Thapelo\.m2\repository\io\rest-assured\rest-assured\4.3.3\rest-assured-4.3.3.jar;C:\Users\Thapelo\.m2\repository\org\codehaus\groovy\groovy\3.0.7\groovy-3.0.7.jar;C:\Users\Thapelo\.m2\repository\org\codehaus\groovy\groovy-xml\3.0.7\groovy-xml-3.0.7.jar;C:\Users\Thapelo\.m2\repository\org\apache\httpcomponents\httpclient\4.5.3\httpclient-4.5.3.jar;C:\Users\Thapelo\.m2\repository\org\apache\httpcomponents\httpcore\4.4.6\httpcore-4.4.6.jar;C:\Users\Thapelo\.m2\repository\commons-logging\commons-logging\1.2\commons-logging-1.2.jar;C:\Users\Thapelo\.m2\repository\commons-codec\commons-codec\1.9\commons-codec-1.9.jar;C:\Users\Thapelo\.m2\repository\org\apache\httpcomponents\httpmime\4.5.3\httpmime-4.5.3.jar;C:\Users\Thapelo\.m2\repository\org\hamcrest\hamcrest\2.1\hamcrest-2.1.jar;C:\Users\Thapelo\.m2\repository\org\ccil\cowan\tagsoup\tagsoup\1.2.1\tagsoup-1.2.1.jar;C:\Users\Thapelo\.m2\repository\io\rest-assured\json-path\4.3.3\json-path-4.3.3.jar;C:\Users\Thapelo\.m2\repository\org\codehaus\groovy\groovy-json\3.0.7\groovy-json-3.0.7.jar;C:\Users\Thapelo\.m2\repository\io\rest-assured\rest-assured-common\4.3.3\rest-assured-common-4.3.3.jar;C:\Users\Thapelo\.m2\repository\io\rest-assured\xml-path\4.3.3\xml-path-4.3.3.jar;C:\Users\Thapelo\.m2\repository\org\apache\commons\commons-lang3\3.11\commons-lang3-3.11.jar;C:\Users\Thapelo\.m2\repository\jakarta\xml\bind\jakarta.xml.bind-api\2.3.3\jakarta.xml.bind-api-2.3.3.jar;C:\Users\Thapelo\.m2\repository\jakarta\activation\jakarta.activation-api\1.2.2\jakarta.activation-api-1.2.2.jar;C:\Users\Thapelo\.m2\repository\com\sun\xml\bind\jaxb-impl\2.3.3\jaxb-impl-2.3.3.jar;C:\Users\Thapelo\.m2\repository\io\rest-assured\json-schema-validator\3.0.0\json-schema-validator-3.0.0.jar;C:\Users\Thapelo\.m2\repository\org\hamcrest\hamcrest-core\1.3\hamcrest-core-1.3.jar;C:\Users\Thapelo\.m2\repository\com\github\fge\json-schema-validator\2.2.6\json-schema-validator-2.2.6.jar;C:\Users\Thapelo\.m2\repository\com\google\code\findbugs\jsr305\3.0.0\jsr305-3.0.0.jar;C:\Users\Thapelo\.m2\repository\joda-time\joda-time\2.3\joda-time-2.3.jar;C:\Users\Thapelo\.m2\repository\com\googlecode\libphonenumber\libphonenumber\6.2\libphonenumber-6.2.jar;C:\Users\Thapelo\.m2\repository\javax\mail\mailapi\1.4.3\mailapi-1.4.3.jar;C:\Users\Thapelo\.m2\repository\javax\activation\activation\1.1\activation-1.1.jar;C:\Users\Thapelo\.m2\repository\net\sf\jopt-simple\jopt-simple\4.6\jopt-simple-4.6.jar;C:\Users\Thapelo\.m2\repository\com\github\fge\json-schema-core\1.2.5\json-schema-core-1.2.5.jar;C:\Users\Thapelo\.m2\repository\com\github\fge\uri-template\0.9\uri-template-0.9.jar;C:\Users\Thapelo\.m2\repository\com\github\fge\msg-simple\1.1\msg-simple-1.1.jar;C:\Users\Thapelo\.m2\repository\com\github\fge\btf\1.2\btf-1.2.jar;C:\Users\Thapelo\.m2\repository\com\github\fge\jackson-coreutils\1.8\jackson-coreutils-1.8.jar;C:\Users\Thapelo\.m2\repository\org\mozilla\rhino\1.7R4\rhino-1.7R4.jar;C:\Users\Thapelo\.m2\repository\com\jayway\jsonpath\json-path\2.4.0\json-path-2.4.0.jar;C:\Users\Thapelo\.m2\repository\net\minidev\json-smart\2.3\json-smart-2.3.jar;C:\Users\Thapelo\.m2\repository\net\minidev\accessors-smart\1.2\accessors-smart-1.2.jar;C:\Users\Thapelo\.m2\repository\org\ow2\asm\asm\5.0.4\asm-5.0.4.jar;C:\Users\Thapelo\.m2\repository\javax\json\javax.json-api\1.1.2\javax.json-api-1.1.2.jar;C:\Users\Thapelo\.m2\repository\io\qameta\allure\allure-rest-assured\2.17.2\allure-rest-assured-2.17.2.jar;C:\Users\Thapelo\.m2\repository\io\qameta\allure\allure-attachments\2.17.2\allure-attachments-2.17.2.jar;C:\Users\Thapelo\.m2\repository\io\qameta\allure\allure-java-commons\2.17.2\allure-java-commons-2.17.2.jar;C:\Users\Thapelo\.m2\repository\io\qameta\allure\allure-model\2.17.2\allure-model-2.17.2.jar;C:\Users\Thapelo\.m2\repository\org\freemarker\freemarker\2.3.31\freemarker-2.3.31.jar;C:\Users\Thapelo\.m2\repository\org\junit\jupiter\junit-jupiter-params\5.8.2\junit-jupiter-params-5.8.2.jar;C:\Users\Thapelo\.m2\repository\io\qameta\allure\allure-junit5\2.17.2\allure-junit5-2.17.2.jar;C:\Users\Thapelo\.m2\repository\io\qameta\allure\allure-junit-platform\2.17.2\allure-junit-platform-2.17.2.jar;C:\Users\Thapelo\.m2\repository\io\qameta\allure\allure-test-filter\2.17.2\allure-test-filter-2.17.2.jar;C:\Users\Thapelo\.m2\repository\org\slf4j\slf4j-api\1.7.5\slf4j-api-1.7.5.jar;C:\Users\Thapelo\.m2\repository\org\slf4j\slf4j-simple\1.7.21\slf4j-simple-1.7.21.jar;C:\Users\Thapelo\.m2\repository\org\seleniumhq\selenium\selenium-java\3.141.5\selenium-java-3.141.5.jar;C:\Users\Thapelo\.m2\repository\org\seleniumhq\selenium\selenium-api\3.141.5\selenium-api-3.141.5.jar;C:\Users\Thapelo\.m2\repository\org\seleniumhq\selenium\selenium-chrome-driver\3.141.5\selenium-chrome-driver-3.141.5.jar;C:\Users\Thapelo\.m2\repository\org\seleniumhq\selenium\selenium-edge-driver\3.141.5\selenium-edge-driver-3.141.5.jar;C:\Users\Thapelo\.m2\repository\org\seleniumhq\selenium\selenium-firefox-driver\3.141.5\selenium-firefox-driver-3.141.5.jar;C:\Users\Thapelo\.m2\repository\org\seleniumhq\selenium\selenium-ie-driver\3.141.5\selenium-ie-driver-3.141.5.jar;C:\Users\Thapelo\.m2\repository\org\seleniumhq\selenium\selenium-opera-driver\3.141.5\selenium-opera-driver-3.141.5.jar;C:\Users\Thapelo\.m2\repository\org\seleniumhq\selenium\selenium-remote-driver\3.141.5\selenium-remote-driver-3.141.5.jar;C:\Users\Thapelo\.m2\repository\org\seleniumhq\selenium\selenium-safari-driver\3.141.5\selenium-safari-driver-3.141.5.jar;C:\Users\Thapelo\.m2\repository\org\seleniumhq\selenium\selenium-support\3.141.5\selenium-support-3.141.5.jar;C:\Users\Thapelo\.m2\repository\net\bytebuddy\byte-buddy\1.8.15\byte-buddy-1.8.15.jar;C:\Users\Thapelo\.m2\repository\org\apache\commons\commons-exec\1.3\commons-exec-1.3.jar;C:\Users\Thapelo\.m2\repository\com\google\guava\guava\25.0-jre\guava-25.0-jre.jar;C:\Users\Thapelo\.m2\repository\org\checkerframework\checker-compat-qual\2.0.0\checker-compat-qual-2.0.0.jar;C:\Users\Thapelo\.m2\repository\com\google\errorprone\error_prone_annotations\2.1.3\error_prone_annotations-2.1.3.jar;C:\Users\Thapelo\.m2\repository\com\google\j2objc\j2objc-annotations\1.1\j2objc-annotations-1.1.jar;C:\Users\Thapelo\.m2\repository\org\codehaus\mojo\animal-sniffer-annotations\1.14\animal-sniffer-annotations-1.14.jar;C:\Users\Thapelo\.m2\repository\com\squareup\okhttp3\okhttp\3.11.0\okhttp-3.11.0.jar;C:\Users\Thapelo\.m2\repository\com\squareup\okio\okio\1.14.0\okio-1.14.0.jar;C:\Users\Thapelo\.m2\repository\io\qameta\allure\allure-maven\2.10.0\allure-maven-2.10.0.jar;C:\Users\Thapelo\.m2\repository\com\fasterxml\jackson\core\jackson-databind\2.9.7\jackson-databind-2.9.7.jar;C:\Users\Thapelo\.m2\repository\com\fasterxml\jackson\core\jackson-annotations\2.9.0\jackson-annotations-2.9.0.jar;C:\Users\Thapelo\.m2\repository\com\fasterxml\jackson\core\jackson-core\2.9.7\jackson-core-2.9.7.jar;C:\Users\Thapelo\.m2\repository\org\apache\maven\maven-core\3.3.9\maven-core-3.3.9.jar;C:\Users\Thapelo\.m2\repository\org\apache\maven\maven-model\3.3.9\maven-model-3.3.9.jar;C:\Users\Thapelo\.m2\repository\org\apache\maven\maven-settings\3.3.9\maven-settings-3.3.9.jar;C:\Users\Thapelo\.m2\repository\org\apache\maven\maven-settings-builder\3.3.9\maven-settings-builder-3.3.9.jar;C:\Users\Thapelo\.m2\repository\org\apache\maven\maven-builder-support\3.3.9\maven-builder-support-3.3.9.jar;C:\Users\Thapelo\.m2\repository\org\apache\maven\maven-repository-metadata\3.3.9\maven-repository-metadata-3.3.9.jar;C:\Users\Thapelo\.m2\repository\org\apache\maven\maven-artifact\3.3.9\maven-artifact-3.3.9.jar;C:\Users\Thapelo\.m2\repository\org\apache\maven\maven-plugin-api\3.3.9\maven-plugin-api-3.3.9.jar;C:\Users\Thapelo\.m2\repository\org\apache\maven\maven-model-builder\3.3.9\maven-model-builder-3.3.9.jar;C:\Users\Thapelo\.m2\repository\org\apache\maven\maven-aether-provider\3.3.9\maven-aether-provider-3.3.9.jar;C:\Users\Thapelo\.m2\repository\org\eclipse\aether\aether-spi\1.0.2.v20150114\aether-spi-1.0.2.v20150114.jar;C:\Users\Thapelo\.m2\repository\org\eclipse\aether\aether-impl\1.0.2.v20150114\aether-impl-1.0.2.v20150114.jar;C:\Users\Thapelo\.m2\repository\org\eclipse\aether\aether-api\1.0.2.v20150114\aether-api-1.0.2.v20150114.jar;C:\Users\Thapelo\.m2\repository\org\eclipse\aether\aether-util\1.0.2.v20150114\aether-util-1.0.2.v20150114.jar;C:\Users\Thapelo\.m2\repository\org\eclipse\sisu\org.eclipse.sisu.plexus\0.3.2\org.eclipse.sisu.plexus-0.3.2.jar;C:\Users\Thapelo\.m2\repository\javax\enterprise\cdi-api\1.0\cdi-api-1.0.jar;C:\Users\Thapelo\.m2\repository\javax\annotation\jsr250-api\1.0\jsr250-api-1.0.jar;C:\Users\Thapelo\.m2\repository\org\eclipse\sisu\org.eclipse.sisu.inject\0.3.2\org.eclipse.sisu.inject-0.3.2.jar;C:\Users\Thapelo\.m2\repository\com\google\inject\guice\4.0\guice-4.0-no_aop.jar;C:\Users\Thapelo\.m2\repository\javax\inject\javax.inject\1\javax.inject-1.jar;C:\Users\Thapelo\.m2\repository\aopalliance\aopalliance\1.0\aopalliance-1.0.jar;C:\Users\Thapelo\.m2\repository\org\codehaus\plexus\plexus-interpolation\1.21\plexus-interpolation-1.21.jar;C:\Users\Thapelo\.m2\repository\org\codehaus\plexus\plexus-utils\3.0.22\plexus-utils-3.0.22.jar;C:\Users\Thapelo\.m2\repository\org\codehaus\plexus\plexus-classworlds\2.5.2\plexus-classworlds-2.5.2.jar;C:\Users\Thapelo\.m2\repository\org\codehaus\plexus\plexus-component-annotations\1.6\plexus-component-annotations-1.6.jar;C:\Users\Thapelo\.m2\repository\org\sonatype\plexus\plexus-sec-dispatcher\1.3\plexus-sec-dispatcher-1.3.jar;C:\Users\Thapelo\.m2\repository\org\sonatype\plexus\plexus-cipher\1.4\plexus-cipher-1.4.jar;C:\Users\Thapelo\.m2\repository\org\apache\maven\reporting\maven-reporting-impl\2.4\maven-reporting-impl-2.4.jar;C:\Users\Thapelo\.m2\repository\org\apache\maven\reporting\maven-reporting-api\3.0\maven-reporting-api-3.0.jar;C:\Users\Thapelo\.m2\repository\org\apache\maven\maven-project\2.2.1\maven-project-2.2.1.jar;C:\Users\Thapelo\.m2\repository\org\apache\maven\maven-profile\2.2.1\maven-profile-2.2.1.jar;C:\Users\Thapelo\.m2\repository\org\apache\maven\maven-artifact-manager\2.2.1\maven-artifact-manager-2.2.1.jar;C:\Users\Thapelo\.m2\repository\backport-util-concurrent\backport-util-concurrent\3.1\backport-util-concurrent-3.1.jar;C:\Users\Thapelo\.m2\repository\org\apache\maven\maven-plugin-registry\2.2.1\maven-plugin-registry-2.2.1.jar;C:\Users\Thapelo\.m2\repository\org\codehaus\plexus\plexus-container-default\1.0-alpha-9-stable-1\plexus-container-default-1.0-alpha-9-stable-1.jar;C:\Users\Thapelo\.m2\repository\classworlds\classworlds\1.1-alpha-2\classworlds-1.1-alpha-2.jar;C:\Users\Thapelo\.m2\repository\org\apache\maven\shared\maven-shared-utils\0.6\maven-shared-utils-0.6.jar;C:\Users\Thapelo\.m2\repository\org\apache\maven\doxia\doxia-sink-api\1.6\doxia-sink-api-1.6.jar;C:\Users\Thapelo\.m2\repository\org\apache\maven\doxia\doxia-logging-api\1.6\doxia-logging-api-1.6.jar;C:\Users\Thapelo\.m2\repository\org\apache\maven\doxia\doxia-core\1.6\doxia-core-1.6.jar;C:\Users\Thapelo\.m2\repository\xerces\xercesImpl\2.9.1\xercesImpl-2.9.1.jar;C:\Users\Thapelo\.m2\repository\commons-lang\commons-lang\2.4\commons-lang-2.4.jar;C:\Users\Thapelo\.m2\repository\xmlunit\xmlunit\1.5\xmlunit-1.5.jar;C:\Users\Thapelo\.m2\repository\org\apache\maven\doxia\doxia-site-renderer\1.6\doxia-site-renderer-1.6.jar;C:\Users\Thapelo\.m2\repository\org\apache\maven\doxia\doxia-decoration-model\1.6\doxia-decoration-model-1.6.jar;C:\Users\Thapelo\.m2\repository\org\apache\maven\doxia\doxia-module-xhtml\1.6\doxia-module-xhtml-1.6.jar;C:\Users\Thapelo\.m2\repository\org\apache\maven\doxia\doxia-module-fml\1.6\doxia-module-fml-1.6.jar;C:\Users\Thapelo\.m2\repository\org\codehaus\plexus\plexus-i18n\1.0-beta-7\plexus-i18n-1.0-beta-7.jar;C:\Users\Thapelo\.m2\repository\org\codehaus\plexus\plexus-velocity\1.1.7\plexus-velocity-1.1.7.jar;C:\Users\Thapelo\.m2\repository\org\apache\velocity\velocity-tools\2.0\velocity-tools-2.0.jar;C:\Users\Thapelo\.m2\repository\commons-chain\commons-chain\1.1\commons-chain-1.1.jar;C:\Users\Thapelo\.m2\repository\dom4j\dom4j\1.1\dom4j-1.1.jar;C:\Users\Thapelo\.m2\repository\sslext\sslext\1.2-0\sslext-1.2-0.jar;C:\Users\Thapelo\.m2\repository\org\apache\struts\struts-core\1.3.8\struts-core-1.3.8.jar;C:\Users\Thapelo\.m2\repository\antlr\antlr\2.7.2\antlr-2.7.2.jar;C:\Users\Thapelo\.m2\repository\org\apache\struts\struts-taglib\1.3.8\struts-taglib-1.3.8.jar;C:\Users\Thapelo\.m2\repository\org\apache\struts\struts-tiles\1.3.8\struts-tiles-1.3.8.jar;C:\Users\Thapelo\.m2\repository\commons-validator\commons-validator\1.4.1\commons-validator-1.4.1.jar;C:\Users\Thapelo\.m2\repository\commons-digester\commons-digester\1.8.1\commons-digester-1.8.1.jar;C:\Users\Thapelo\.m2\repository\commons-beanutils\commons-beanutils\1.9.3\commons-beanutils-1.9.3.jar;C:\Users\Thapelo\.m2\repository\commons-collections\commons-collections\3.2.2\commons-collections-3.2.2.jar;C:\Users\Thapelo\.m2\repository\net\lingala\zip4j\zip4j\1.3.2\zip4j-1.3.2.jar;C:\Users\Thapelo\.m2\repository\org\apache\maven\plugin-tools\maven-plugin-annotations\3.2\maven-plugin-annotations-3.2.jar;C:\Users\Thapelo\.m2\repository\org\apache\maven\plugins\maven-jxr-plugin\2.5\maven-jxr-plugin-2.5.jar;C:\Users\Thapelo\.m2\repository\org\apache\velocity\velocity\1.5\velocity-1.5.jar;C:\Users\Thapelo\.m2\repository\oro\oro\2.0.8\oro-2.0.8.jar;C:\Users\Thapelo\.m2\repository\org\apache\maven\maven-jxr\2.5\maven-jxr-2.5.jar;C:\Users\Thapelo\.m2\repository\commons-io\commons-io\2.0.1\commons-io-2.0.1.jar;C:\Users\Thapelo\.m2\repository\org\apache\maven\wagon\wagon-provider-api\1.0\wagon-provider-api-1.0.jar;C:\Users\Thapelo\.m2\repository\xml-apis\xml-apis\1.0.b2\xml-apis-1.0.b2.jar;C:\Users\Thapelo\.m2\repository\xalan\xalan\2.7.0\xalan-2.7.0.jar;"/>
    <property name="sun.cpu.endian" value="little"/>
    <property name="allure.results.directory" value="C:\Users\Thapelo\Documents\GitHub\The_Dog_RestAssured/allure-results"/>
    <property name="user.home" value="C:\Users\Thapelo"/>
    <property name="user.language" value="en"/>
    <property name="java.specification.vendor" value="Oracle Corporation"/>
    <property name="java.home" value="C:\Program Files\Java\jdk1.8.0_202\jre"/>
    <property name="basedir" value="C:\Users\Thapelo\Documents\GitHub\The_Dog_RestAssured"/>
    <property name="file.separator" value="\"/>
    <property name="line.separator" value="&#10;"/>
    <property name="java.vm.specification.vendor" value="Oracle Corporation"/>
    <property name="java.specification.name" value="Java Platform API Specification"/>
    <property name="java.awt.graphicsenv" value="sun.awt.Win32GraphicsEnvironment"/>
    <property name="surefire.real.class.path" value="C:\Users\Thapelo\AppData\Local\Temp\surefire4740717864429417365\surefirebooter3620037277601602409.jar;C:\Users\Thapelo\.m2\repository/org/aspectj/aspectjweaver/1.9.7/aspectjweaver-1.9.7.jar"/>
    <property name="sun.boot.class.path" value="C:\Program Files\Java\jdk1.8.0_202\jre\lib\resources.jar;C:\Program Files\Java\jdk1.8.0_202\jre\lib\rt.jar;C:\Program Files\Java\jdk1.8.0_202\jre\lib\sunrsasign.jar;C:\Program Files\Java\jdk1.8.0_202\jre\lib\jsse.jar;C:\Program Files\Java\jdk1.8.0_202\jre\lib\jce.jar;C:\Program Files\Java\jdk1.8.0_202\jre\lib\charsets.jar;C:\Program Files\Java\jdk1.8.0_202\jre\lib\jfr.jar;C:\Program Files\Java\jdk1.8.0_202\jre\classes"/>
    <property name="user.script" value=""/>
    <property name="sun.management.compiler" value="HotSpot 64-Bit Tiered Compilers"/>
    <property name="java.runtime.version" value="1.8.0_202-b08"/>
    <property name="user.name" value="Thapelo"/>
    <property name="path.separator" value=";"/>
    <property name="os.version" value="10.0"/>
    <property name="java.endorsed.dirs" value="C:\Program Files\Java\jdk1.8.0_202\jre\lib\endorsed"/>
    <property name="java.runtime.name" value="Java(TM) SE Runtime Environment"/>
    <property name="file.encoding" value="Cp1252"/>
    <property name="java.vm.name" value="Java HotSpot(TM) 64-Bit Server VM"/>
    <property name="localRepository" value="C:\Users\Thapelo\.m2\repository"/>
    <property name="java.vendor.url.bug" value="http://bugreport.sun.com/bugreport/"/>
    <property name="java.io.tmpdir" value="C:\Users\Thapelo\AppData\Local\Temp\"/>
    <property name="java.version" value="1.8.0_202"/>
    <property name="user.dir" value="C:\Users\Thapelo\Documents\GitHub\The_Dog_RestAssured"/>
    <property name="os.arch" value="amd64"/>
    <property name="java.vm.specification.name" value="Java Virtual Machine Specification"/>
    <property name="java.awt.printerjob" value="sun.awt.windows.WPrinterJob"/>
    <property name="sun.os.patch.level" value=""/>
    <property name="idea.version2019.3.4" value="true"/>
    <property name="java.library.path" value="C:\Program Files\Java\jdk1.8.0_202\jre\bin;C:\WINDOWS\Sun\Java\bin;C:\WINDOWS\system32;C:\WINDOWS;C:\Program Files (x86)\Common Files\Oracle\Java\javapath;C:\WINDOWS\system32;C:\WINDOWS;C:\WINDOWS\System32\Wbem;C:\WINDOWS\System32\WindowsPowerShell\v1.0\;C:\WINDOWS\System32\OpenSSH\;C:\Program Files\Git\cmd;C:\Program Files\Microsoft SQL Server\150\Tools\Binn\;C:\Program Files\nodejs\;C:\Users\Thapelo\scoop\shims;C:\Users\Thapelo\AppData\Local\Microsoft\WindowsApps;C:\Program Files\JetBrains\IntelliJ IDEA Community Edition 2019.3.4\bin;;C:\apache-maven-3.6.3\bin;C:\Users\Thapelo\Development\sdks\flutter\bin;C:\Program Files\Java\jdk1.8.0_241\bin;C:\Users\Thapelo\AppData\Local\Programs\Microsoft VS Code\bin;C:\Users\Thapelo\AppData\Local\GitHubDesktop\bin;C:\Users\Thapelo\AppData\Roaming\npm;."/>
    <property name="junit.jupiter.extensions.autodetection.enabled" value="true"/>
    <property name="java.vm.info" value="mixed mode"/>
    <property name="java.vendor" value="Oracle Corporation"/>
    <property name="java.vm.version" value="25.202-b08"/>
    <property name="java.ext.dirs" value="C:\Program Files\Java\jdk1.8.0_202\jre\lib\ext;C:\WINDOWS\Sun\Java\lib\ext"/>
    <property name="sun.io.unicode.encoding" value="UnicodeLittle"/>
    <property name="java.class.version" value="52.0"/>
  </properties>
  <testcase name="createVoteDown" classname="tests.votesDownPostTest" time="1.483">
    <failure message="1 expectation failed.&#10;Expected status code &lt;201&gt; but was &lt;401&gt;.&#10;" type="java.lang.AssertionError"><![CDATA[java.lang.AssertionError: 
1 expectation failed.
Expected status code <201> but was <401>.

	at tests.votesDownPostTest.createVoteDown(votesDownPostTest.java:31)
]]></failure>
    <system-out><![CDATA[Request method:	POST
Request URI:	https://api.thedogapi.com/v1/votes/
Proxy:			<none>
Request params:	<none>
Query params:	<none>
Form params:	<none>
Path params:	<none>
Headers:		x-api-key=live_MZuFF20RpOAJWlFt5JIzSvxBEl2V67khyaEE6EhPeSCEmcypCk1LoOjtBI5WD7UD
				x-api-key=live_MZuFF20RpOAJWlFt5JIzSvxBEl2V67khyaEE6EhPeSCEmcypCk1LoOjtBI5WD7UD
				x-api-key=live_MZuFF20RpOAJWlFt5JIzSvxBEl2V67khyaEE6EhPeSCEmcypCk1LoOjtBI5WD7UD
				x-api-key=live_MZuFF20RpOAJWlFt5JIzSvxBEl2V67khyaEE6EhPeSCEmcypCk1LoOjtBI5WD7UD
				x-api-key=live_MZuFF20RpOAJWlFt5JIzSvxBEl2V67khyaEE6EhPeSCEmcypCk1LoOjtBI5WD7UD
				x-api-key=live_MZuFF20RpOAJWlFt5JIzSvxBEl2V67khyaEE6EhPeSCEmcypCk1LoOjtBI5WD7UD
				x-api-key=live_MZuFF20RpOAJWlFt5JIzSvxBEl2V67khyaEE6EhPeSCEmcypCk1LoOjtBI5WD7UD
				x-api-key=live_MZuFF20RpOAJWlFt5JIzSvxBEl2V67khyaEE6EhPeSCEmcypCk1LoOjtBI5WD7UD
				x-api-key=live_MZuFF20RpOAJWlFt5JIzSvxBEl2V67khyaEE6EhPeSCEmcypCk1LoOjtBI5WD7UD
				x-api-key=live_MZuFF20RpOAJWlFt5JIzSvxBEl2V67khyaEE6EhPeSCEmcypCk1LoOjtBI5WD7UD
				x-api-key=live_MZuFF20RpOAJWlFt5JIzSvxBEl2V67khyaEE6EhPeSCEmcypCk1LoOjtBI5WD7UD
				Accept=application/json
				Content-Type=application/json; charset=UTF-8
Cookies:		<none>
Multiparts:		<none>
Body:
{
    "image_id": "dfgtgh",
    "sub_id": "my-user-1234",
    "value": 0
}
Request method:	POST
Request URI:	https://api.thedogapi.com/v1/votes/
Proxy:			<none>
Request params:	<none>
Query params:	<none>
Form params:	<none>
Path params:	<none>
Headers:		x-api-key=live_MZuFF20RpOAJWlFt5JIzSvxBEl2V67khyaEE6EhPeSCEmcypCk1LoOjtBI5WD7UD
				x-api-key=live_MZuFF20RpOAJWlFt5JIzSvxBEl2V67khyaEE6EhPeSCEmcypCk1LoOjtBI5WD7UD
				x-api-key=live_MZuFF20RpOAJWlFt5JIzSvxBEl2V67khyaEE6EhPeSCEmcypCk1LoOjtBI5WD7UD
				x-api-key=live_MZuFF20RpOAJWlFt5JIzSvxBEl2V67khyaEE6EhPeSCEmcypCk1LoOjtBI5WD7UD
				x-api-key=live_MZuFF20RpOAJWlFt5JIzSvxBEl2V67khyaEE6EhPeSCEmcypCk1LoOjtBI5WD7UD
				x-api-key=live_MZuFF20RpOAJWlFt5JIzSvxBEl2V67khyaEE6EhPeSCEmcypCk1LoOjtBI5WD7UD
				x-api-key=live_MZuFF20RpOAJWlFt5JIzSvxBEl2V67khyaEE6EhPeSCEmcypCk1LoOjtBI5WD7UD
				x-api-key=live_MZuFF20RpOAJWlFt5JIzSvxBEl2V67khyaEE6EhPeSCEmcypCk1LoOjtBI5WD7UD
				x-api-key=live_MZuFF20RpOAJWlFt5JIzSvxBEl2V67khyaEE6EhPeSCEmcypCk1LoOjtBI5WD7UD
				x-api-key=live_MZuFF20RpOAJWlFt5JIzSvxBEl2V67khyaEE6EhPeSCEmcypCk1LoOjtBI5WD7UD
				x-api-key=live_MZuFF20RpOAJWlFt5JIzSvxBEl2V67khyaEE6EhPeSCEmcypCk1LoOjtBI5WD7UD
				Accept=application/json
				Content-Type=application/json; charset=UTF-8
Cookies:		<none>
Multiparts:		<none>
Body:
{
    "image_id": "dfgtgh",
    "sub_id": "my-user-1234",
    "value": 0
}
Request method:	POST
Request URI:	https://api.thedogapi.com/v1/votes/
Proxy:			<none>
Request params:	<none>
Query params:	<none>
Form params:	<none>
Path params:	<none>
Headers:		x-api-key=live_MZuFF20RpOAJWlFt5JIzSvxBEl2V67khyaEE6EhPeSCEmcypCk1LoOjtBI5WD7UD
				x-api-key=live_MZuFF20RpOAJWlFt5JIzSvxBEl2V67khyaEE6EhPeSCEmcypCk1LoOjtBI5WD7UD
				x-api-key=live_MZuFF20RpOAJWlFt5JIzSvxBEl2V67khyaEE6EhPeSCEmcypCk1LoOjtBI5WD7UD
				x-api-key=live_MZuFF20RpOAJWlFt5JIzSvxBEl2V67khyaEE6EhPeSCEmcypCk1LoOjtBI5WD7UD
				x-api-key=live_MZuFF20RpOAJWlFt5JIzSvxBEl2V67khyaEE6EhPeSCEmcypCk1LoOjtBI5WD7UD
				x-api-key=live_MZuFF20RpOAJWlFt5JIzSvxBEl2V67khyaEE6EhPeSCEmcypCk1LoOjtBI5WD7UD
				x-api-key=live_MZuFF20RpOAJWlFt5JIzSvxBEl2V67khyaEE6EhPeSCEmcypCk1LoOjtBI5WD7UD
				x-api-key=live_MZuFF20RpOAJWlFt5JIzSvxBEl2V67khyaEE6EhPeSCEmcypCk1LoOjtBI5WD7UD
				x-api-key=live_MZuFF20RpOAJWlFt5JIzSvxBEl2V67khyaEE6EhPeSCEmcypCk1LoOjtBI5WD7UD
				x-api-key=live_MZuFF20RpOAJWlFt5JIzSvxBEl2V67khyaEE6EhPeSCEmcypCk1LoOjtBI5WD7UD
				x-api-key=live_MZuFF20RpOAJWlFt5JIzSvxBEl2V67khyaEE6EhPeSCEmcypCk1LoOjtBI5WD7UD
				Accept=application/json
				Content-Type=application/json; charset=UTF-8
Cookies:		<none>
Multiparts:		<none>
Body:
{
    "image_id": "dfgtgh",
    "sub_id": "my-user-1234",
    "value": 0
}
Request method:	POST
Request URI:	https://api.thedogapi.com/v1/votes/
Proxy:			<none>
Request params:	<none>
Query params:	<none>
Form params:	<none>
Path params:	<none>
Headers:		x-api-key=live_MZuFF20RpOAJWlFt5JIzSvxBEl2V67khyaEE6EhPeSCEmcypCk1LoOjtBI5WD7UD
				x-api-key=live_MZuFF20RpOAJWlFt5JIzSvxBEl2V67khyaEE6EhPeSCEmcypCk1LoOjtBI5WD7UD
				x-api-key=live_MZuFF20RpOAJWlFt5JIzSvxBEl2V67khyaEE6EhPeSCEmcypCk1LoOjtBI5WD7UD
				x-api-key=live_MZuFF20RpOAJWlFt5JIzSvxBEl2V67khyaEE6EhPeSCEmcypCk1LoOjtBI5WD7UD
				x-api-key=live_MZuFF20RpOAJWlFt5JIzSvxBEl2V67khyaEE6EhPeSCEmcypCk1LoOjtBI5WD7UD
				x-api-key=live_MZuFF20RpOAJWlFt5JIzSvxBEl2V67khyaEE6EhPeSCEmcypCk1LoOjtBI5WD7UD
				x-api-key=live_MZuFF20RpOAJWlFt5JIzSvxBEl2V67khyaEE6EhPeSCEmcypCk1LoOjtBI5WD7UD
				x-api-key=live_MZuFF20RpOAJWlFt5JIzSvxBEl2V67khyaEE6EhPeSCEmcypCk1LoOjtBI5WD7UD
				x-api-key=live_MZuFF20RpOAJWlFt5JIzSvxBEl2V67khyaEE6EhPeSCEmcypCk1LoOjtBI5WD7UD
				x-api-key=live_MZuFF20RpOAJWlFt5JIzSvxBEl2V67khyaEE6EhPeSCEmcypCk1LoOjtBI5WD7UD
				x-api-key=live_MZuFF20RpOAJWlFt5JIzSvxBEl2V67khyaEE6EhPeSCEmcypCk1LoOjtBI5WD7UD
				Accept=application/json
				Content-Type=application/json; charset=UTF-8
Cookies:		<none>
Multiparts:		<none>
Body:
{
    "image_id": "dfgtgh",
    "sub_id": "my-user-1234",
    "value": 0
}
Request method:	POST
Request URI:	https://api.thedogapi.com/v1/votes/
Proxy:			<none>
Request params:	<none>
Query params:	<none>
Form params:	<none>
Path params:	<none>
Headers:		x-api-key=live_MZuFF20RpOAJWlFt5JIzSvxBEl2V67khyaEE6EhPeSCEmcypCk1LoOjtBI5WD7UD
				x-api-key=live_MZuFF20RpOAJWlFt5JIzSvxBEl2V67khyaEE6EhPeSCEmcypCk1LoOjtBI5WD7UD
				x-api-key=live_MZuFF20RpOAJWlFt5JIzSvxBEl2V67khyaEE6EhPeSCEmcypCk1LoOjtBI5WD7UD
				x-api-key=live_MZuFF20RpOAJWlFt5JIzSvxBEl2V67khyaEE6EhPeSCEmcypCk1LoOjtBI5WD7UD
				x-api-key=live_MZuFF20RpOAJWlFt5JIzSvxBEl2V67khyaEE6EhPeSCEmcypCk1LoOjtBI5WD7UD
				x-api-key=live_MZuFF20RpOAJWlFt5JIzSvxBEl2V67khyaEE6EhPeSCEmcypCk1LoOjtBI5WD7UD
				x-api-key=live_MZuFF20RpOAJWlFt5JIzSvxBEl2V67khyaEE6EhPeSCEmcypCk1LoOjtBI5WD7UD
				x-api-key=live_MZuFF20RpOAJWlFt5JIzSvxBEl2V67khyaEE6EhPeSCEmcypCk1LoOjtBI5WD7UD
				x-api-key=live_MZuFF20RpOAJWlFt5JIzSvxBEl2V67khyaEE6EhPeSCEmcypCk1LoOjtBI5WD7UD
				x-api-key=live_MZuFF20RpOAJWlFt5JIzSvxBEl2V67khyaEE6EhPeSCEmcypCk1LoOjtBI5WD7UD
				x-api-key=live_MZuFF20RpOAJWlFt5JIzSvxBEl2V67khyaEE6EhPeSCEmcypCk1LoOjtBI5WD7UD
				Accept=application/json
				Content-Type=application/json; charset=UTF-8
Cookies:		<none>
Multiparts:		<none>
Body:
{
    "image_id": "dfgtgh",
    "sub_id": "my-user-1234",
    "value": 0
}
Request method:	POST
Request URI:	https://api.thedogapi.com/v1/votes/
Proxy:			<none>
Request params:	<none>
Query params:	<none>
Form params:	<none>
Path params:	<none>
Headers:		x-api-key=live_MZuFF20RpOAJWlFt5JIzSvxBEl2V67khyaEE6EhPeSCEmcypCk1LoOjtBI5WD7UD
				x-api-key=live_MZuFF20RpOAJWlFt5JIzSvxBEl2V67khyaEE6EhPeSCEmcypCk1LoOjtBI5WD7UD
				x-api-key=live_MZuFF20RpOAJWlFt5JIzSvxBEl2V67khyaEE6EhPeSCEmcypCk1LoOjtBI5WD7UD
				x-api-key=live_MZuFF20RpOAJWlFt5JIzSvxBEl2V67khyaEE6EhPeSCEmcypCk1LoOjtBI5WD7UD
				x-api-key=live_MZuFF20RpOAJWlFt5JIzSvxBEl2V67khyaEE6EhPeSCEmcypCk1LoOjtBI5WD7UD
				x-api-key=live_MZuFF20RpOAJWlFt5JIzSvxBEl2V67khyaEE6EhPeSCEmcypCk1LoOjtBI5WD7UD
				x-api-key=live_MZuFF20RpOAJWlFt5JIzSvxBEl2V67khyaEE6EhPeSCEmcypCk1LoOjtBI5WD7UD
				x-api-key=live_MZuFF20RpOAJWlFt5JIzSvxBEl2V67khyaEE6EhPeSCEmcypCk1LoOjtBI5WD7UD
				x-api-key=live_MZuFF20RpOAJWlFt5JIzSvxBEl2V67khyaEE6EhPeSCEmcypCk1LoOjtBI5WD7UD
				x-api-key=live_MZuFF20RpOAJWlFt5JIzSvxBEl2V67khyaEE6EhPeSCEmcypCk1LoOjtBI5WD7UD
				x-api-key=live_MZuFF20RpOAJWlFt5JIzSvxBEl2V67khyaEE6EhPeSCEmcypCk1LoOjtBI5WD7UD
				Accept=application/json
				Content-Type=application/json; charset=UTF-8
Cookies:		<none>
Multiparts:		<none>
Body:
{
    "image_id": "dfgtgh",
    "sub_id": "my-user-1234",
    "value": 0
}
Request method:	POST
Request URI:	https://api.thedogapi.com/v1/votes/
Proxy:			<none>
Request params:	<none>
Query params:	<none>
Form params:	<none>
Path params:	<none>
Headers:		x-api-key=live_MZuFF20RpOAJWlFt5JIzSvxBEl2V67khyaEE6EhPeSCEmcypCk1LoOjtBI5WD7UD
				x-api-key=live_MZuFF20RpOAJWlFt5JIzSvxBEl2V67khyaEE6EhPeSCEmcypCk1LoOjtBI5WD7UD
				x-api-key=live_MZuFF20RpOAJWlFt5JIzSvxBEl2V67khyaEE6EhPeSCEmcypCk1LoOjtBI5WD7UD
				x-api-key=live_MZuFF20RpOAJWlFt5JIzSvxBEl2V67khyaEE6EhPeSCEmcypCk1LoOjtBI5WD7UD
				x-api-key=live_MZuFF20RpOAJWlFt5JIzSvxBEl2V67khyaEE6EhPeSCEmcypCk1LoOjtBI5WD7UD
				x-api-key=live_MZuFF20RpOAJWlFt5JIzSvxBEl2V67khyaEE6EhPeSCEmcypCk1LoOjtBI5WD7UD
				x-api-key=live_MZuFF20RpOAJWlFt5JIzSvxBEl2V67khyaEE6EhPeSCEmcypCk1LoOjtBI5WD7UD
				x-api-key=live_MZuFF20RpOAJWlFt5JIzSvxBEl2V67khyaEE6EhPeSCEmcypCk1LoOjtBI5WD7UD
				x-api-key=live_MZuFF20RpOAJWlFt5JIzSvxBEl2V67khyaEE6EhPeSCEmcypCk1LoOjtBI5WD7UD
				x-api-key=live_MZuFF20RpOAJWlFt5JIzSvxBEl2V67khyaEE6EhPeSCEmcypCk1LoOjtBI5WD7UD
				x-api-key=live_MZuFF20RpOAJWlFt5JIzSvxBEl2V67khyaEE6EhPeSCEmcypCk1LoOjtBI5WD7UD
				Accept=application/json
				Content-Type=application/json; charset=UTF-8
Cookies:		<none>
Multiparts:		<none>
Body:
{
    "image_id": "dfgtgh",
    "sub_id": "my-user-1234",
    "value": 0
}
Request method:	POST
Request URI:	https://api.thedogapi.com/v1/votes/
Proxy:			<none>
Request params:	<none>
Query params:	<none>
Form params:	<none>
Path params:	<none>
Headers:		x-api-key=live_MZuFF20RpOAJWlFt5JIzSvxBEl2V67khyaEE6EhPeSCEmcypCk1LoOjtBI5WD7UD
				x-api-key=live_MZuFF20RpOAJWlFt5JIzSvxBEl2V67khyaEE6EhPeSCEmcypCk1LoOjtBI5WD7UD
				x-api-key=live_MZuFF20RpOAJWlFt5JIzSvxBEl2V67khyaEE6EhPeSCEmcypCk1LoOjtBI5WD7UD
				x-api-key=live_MZuFF20RpOAJWlFt5JIzSvxBEl2V67khyaEE6EhPeSCEmcypCk1LoOjtBI5WD7UD
				x-api-key=live_MZuFF20RpOAJWlFt5JIzSvxBEl2V67khyaEE6EhPeSCEmcypCk1LoOjtBI5WD7UD
				x-api-key=live_MZuFF20RpOAJWlFt5JIzSvxBEl2V67khyaEE6EhPeSCEmcypCk1LoOjtBI5WD7UD
				x-api-key=live_MZuFF20RpOAJWlFt5JIzSvxBEl2V67khyaEE6EhPeSCEmcypCk1LoOjtBI5WD7UD
				x-api-key=live_MZuFF20RpOAJWlFt5JIzSvxBEl2V67khyaEE6EhPeSCEmcypCk1LoOjtBI5WD7UD
				x-api-key=live_MZuFF20RpOAJWlFt5JIzSvxBEl2V67khyaEE6EhPeSCEmcypCk1LoOjtBI5WD7UD
				x-api-key=live_MZuFF20RpOAJWlFt5JIzSvxBEl2V67khyaEE6EhPeSCEmcypCk1LoOjtBI5WD7UD
				x-api-key=live_MZuFF20RpOAJWlFt5JIzSvxBEl2V67khyaEE6EhPeSCEmcypCk1LoOjtBI5WD7UD
				Accept=application/json
				Content-Type=application/json; charset=UTF-8
Cookies:		<none>
Multiparts:		<none>
Body:
{
    "image_id": "dfgtgh",
    "sub_id": "my-user-1234",
    "value": 0
}
Request method:	POST
Request URI:	https://api.thedogapi.com/v1/votes/
Proxy:			<none>
Request params:	<none>
Query params:	<none>
Form params:	<none>
Path params:	<none>
Headers:		x-api-key=live_MZuFF20RpOAJWlFt5JIzSvxBEl2V67khyaEE6EhPeSCEmcypCk1LoOjtBI5WD7UD
				x-api-key=live_MZuFF20RpOAJWlFt5JIzSvxBEl2V67khyaEE6EhPeSCEmcypCk1LoOjtBI5WD7UD
				x-api-key=live_MZuFF20RpOAJWlFt5JIzSvxBEl2V67khyaEE6EhPeSCEmcypCk1LoOjtBI5WD7UD
				x-api-key=live_MZuFF20RpOAJWlFt5JIzSvxBEl2V67khyaEE6EhPeSCEmcypCk1LoOjtBI5WD7UD
				x-api-key=live_MZuFF20RpOAJWlFt5JIzSvxBEl2V67khyaEE6EhPeSCEmcypCk1LoOjtBI5WD7UD
				x-api-key=live_MZuFF20RpOAJWlFt5JIzSvxBEl2V67khyaEE6EhPeSCEmcypCk1LoOjtBI5WD7UD
				x-api-key=live_MZuFF20RpOAJWlFt5JIzSvxBEl2V67khyaEE6EhPeSCEmcypCk1LoOjtBI5WD7UD
				x-api-key=live_MZuFF20RpOAJWlFt5JIzSvxBEl2V67khyaEE6EhPeSCEmcypCk1LoOjtBI5WD7UD
				x-api-key=live_MZuFF20RpOAJWlFt5JIzSvxBEl2V67khyaEE6EhPeSCEmcypCk1LoOjtBI5WD7UD
				x-api-key=live_MZuFF20RpOAJWlFt5JIzSvxBEl2V67khyaEE6EhPeSCEmcypCk1LoOjtBI5WD7UD
				x-api-key=live_MZuFF20RpOAJWlFt5JIzSvxBEl2V67khyaEE6EhPeSCEmcypCk1LoOjtBI5WD7UD
				Accept=application/json
				Content-Type=application/json; charset=UTF-8
Cookies:		<none>
Multiparts:		<none>
Body:
{
    "image_id": "dfgtgh",
    "sub_id": "my-user-1234",
    "value": 0
}
Request method:	POST
Request URI:	https://api.thedogapi.com/v1/votes/
Proxy:			<none>
Request params:	<none>
Query params:	<none>
Form params:	<none>
Path params:	<none>
Headers:		x-api-key=live_MZuFF20RpOAJWlFt5JIzSvxBEl2V67khyaEE6EhPeSCEmcypCk1LoOjtBI5WD7UD
				x-api-key=live_MZuFF20RpOAJWlFt5JIzSvxBEl2V67khyaEE6EhPeSCEmcypCk1LoOjtBI5WD7UD
				x-api-key=live_MZuFF20RpOAJWlFt5JIzSvxBEl2V67khyaEE6EhPeSCEmcypCk1LoOjtBI5WD7UD
				x-api-key=live_MZuFF20RpOAJWlFt5JIzSvxBEl2V67khyaEE6EhPeSCEmcypCk1LoOjtBI5WD7UD
				x-api-key=live_MZuFF20RpOAJWlFt5JIzSvxBEl2V67khyaEE6EhPeSCEmcypCk1LoOjtBI5WD7UD
				x-api-key=live_MZuFF20RpOAJWlFt5JIzSvxBEl2V67khyaEE6EhPeSCEmcypCk1LoOjtBI5WD7UD
				x-api-key=live_MZuFF20RpOAJWlFt5JIzSvxBEl2V67khyaEE6EhPeSCEmcypCk1LoOjtBI5WD7UD
				x-api-key=live_MZuFF20RpOAJWlFt5JIzSvxBEl2V67khyaEE6EhPeSCEmcypCk1LoOjtBI5WD7UD
				x-api-key=live_MZuFF20RpOAJWlFt5JIzSvxBEl2V67khyaEE6EhPeSCEmcypCk1LoOjtBI5WD7UD
				x-api-key=live_MZuFF20RpOAJWlFt5JIzSvxBEl2V67khyaEE6EhPeSCEmcypCk1LoOjtBI5WD7UD
				x-api-key=live_MZuFF20RpOAJWlFt5JIzSvxBEl2V67khyaEE6EhPeSCEmcypCk1LoOjtBI5WD7UD
				Accept=application/json
				Content-Type=application/json; charset=UTF-8
Cookies:		<none>
Multiparts:		<none>
Body:
{
    "image_id": "dfgtgh",
    "sub_id": "my-user-1234",
    "value": 0
}
Request method:	POST
Request URI:	https://api.thedogapi.com/v1/votes/
Proxy:			<none>
Request params:	<none>
Query params:	<none>
Form params:	<none>
Path params:	<none>
Headers:		x-api-key=live_MZuFF20RpOAJWlFt5JIzSvxBEl2V67khyaEE6EhPeSCEmcypCk1LoOjtBI5WD7UD
				x-api-key=live_MZuFF20RpOAJWlFt5JIzSvxBEl2V67khyaEE6EhPeSCEmcypCk1LoOjtBI5WD7UD
				x-api-key=live_MZuFF20RpOAJWlFt5JIzSvxBEl2V67khyaEE6EhPeSCEmcypCk1LoOjtBI5WD7UD
				x-api-key=live_MZuFF20RpOAJWlFt5JIzSvxBEl2V67khyaEE6EhPeSCEmcypCk1LoOjtBI5WD7UD
				x-api-key=live_MZuFF20RpOAJWlFt5JIzSvxBEl2V67khyaEE6EhPeSCEmcypCk1LoOjtBI5WD7UD
				x-api-key=live_MZuFF20RpOAJWlFt5JIzSvxBEl2V67khyaEE6EhPeSCEmcypCk1LoOjtBI5WD7UD
				x-api-key=live_MZuFF20RpOAJWlFt5JIzSvxBEl2V67khyaEE6EhPeSCEmcypCk1LoOjtBI5WD7UD
				x-api-key=live_MZuFF20RpOAJWlFt5JIzSvxBEl2V67khyaEE6EhPeSCEmcypCk1LoOjtBI5WD7UD
				x-api-key=live_MZuFF20RpOAJWlFt5JIzSvxBEl2V67khyaEE6EhPeSCEmcypCk1LoOjtBI5WD7UD
				x-api-key=live_MZuFF20RpOAJWlFt5JIzSvxBEl2V67khyaEE6EhPeSCEmcypCk1LoOjtBI5WD7UD
				x-api-key=live_MZuFF20RpOAJWlFt5JIzSvxBEl2V67khyaEE6EhPeSCEmcypCk1LoOjtBI5WD7UD
				Accept=application/json
				Content-Type=application/json; charset=UTF-8
Cookies:		<none>
Multiparts:		<none>
Body:
{
    "image_id": "dfgtgh",
    "sub_id": "my-user-1234",
    "value": 0
}
HTTP/1.1 401 Unauthorized
content-type: text/plain; charset=utf-8
X-Cloud-Trace-Context: dbc42277d466f4b7f3de9407b96d3dd6;o=1
Date: Thu, 16 Mar 2023 12:39:09 GMT
Server: Google Frontend
Content-Length: 20

AUTHENTICATION_ERROR
HTTP/1.1 401 Unauthorized
content-type: text/plain; charset=utf-8
X-Cloud-Trace-Context: dbc42277d466f4b7f3de9407b96d3dd6;o=1
Date: Thu, 16 Mar 2023 12:39:09 GMT
Server: Google Frontend
Content-Length: 20

AUTHENTICATION_ERROR
HTTP/1.1 401 Unauthorized
content-type: text/plain; charset=utf-8
X-Cloud-Trace-Context: dbc42277d466f4b7f3de9407b96d3dd6;o=1
Date: Thu, 16 Mar 2023 12:39:09 GMT
Server: Google Frontend
Content-Length: 20

AUTHENTICATION_ERROR
HTTP/1.1 401 Unauthorized
content-type: text/plain; charset=utf-8
X-Cloud-Trace-Context: dbc42277d466f4b7f3de9407b96d3dd6;o=1
Date: Thu, 16 Mar 2023 12:39:09 GMT
Server: Google Frontend
Content-Length: 20

AUTHENTICATION_ERROR
HTTP/1.1 401 Unauthorized
content-type: text/plain; charset=utf-8
X-Cloud-Trace-Context: dbc42277d466f4b7f3de9407b96d3dd6;o=1
Date: Thu, 16 Mar 2023 12:39:09 GMT
Server: Google Frontend
Content-Length: 20

AUTHENTICATION_ERROR
HTTP/1.1 401 Unauthorized
content-type: text/plain; charset=utf-8
X-Cloud-Trace-Context: dbc42277d466f4b7f3de9407b96d3dd6;o=1
Date: Thu, 16 Mar 2023 12:39:09 GMT
Server: Google Frontend
Content-Length: 20

AUTHENTICATION_ERROR
HTTP/1.1 401 Unauthorized
content-type: text/plain; charset=utf-8
X-Cloud-Trace-Context: dbc42277d466f4b7f3de9407b96d3dd6;o=1
Date: Thu, 16 Mar 2023 12:39:09 GMT
Server: Google Frontend
Content-Length: 20

AUTHENTICATION_ERROR
HTTP/1.1 401 Unauthorized
content-type: text/plain; charset=utf-8
X-Cloud-Trace-Context: dbc42277d466f4b7f3de9407b96d3dd6;o=1
Date: Thu, 16 Mar 2023 12:39:09 GMT
Server: Google Frontend
Content-Length: 20

AUTHENTICATION_ERROR
HTTP/1.1 401 Unauthorized
content-type: text/plain; charset=utf-8
X-Cloud-Trace-Context: dbc42277d466f4b7f3de9407b96d3dd6;o=1
Date: Thu, 16 Mar 2023 12:39:09 GMT
Server: Google Frontend
Content-Length: 20

AUTHENTICATION_ERROR
HTTP/1.1 401 Unauthorized
content-type: text/plain; charset=utf-8
X-Cloud-Trace-Context: dbc42277d466f4b7f3de9407b96d3dd6;o=1
Date: Thu, 16 Mar 2023 12:39:09 GMT
Server: Google Frontend
Content-Length: 20

AUTHENTICATION_ERROR
HTTP/1.1 401 Unauthorized
content-type: text/plain; charset=utf-8
X-Cloud-Trace-Context: dbc42277d466f4b7f3de9407b96d3dd6;o=1
Date: Thu, 16 Mar 2023 12:39:09 GMT
Server: Google Frontend
Content-Length: 20

AUTHENTICATION_ERROR
]]></system-out>
  </testcase>
</testsuite>